{
  "RSpec": {
    "coverage": {
      "/Users/michaelkassim/Desktop/projects/bank_tech_test/spec/bank_spec.rb": {
        "lines": [
          1,
          null,
          1,
          null,
          9,
          null,
          1,
          1,
          1,
          null,
          null,
          1,
          1,
          1,
          1,
          null,
          1,
          1,
          2,
          null,
          null,
          null,
          1,
          1,
          1,
          null,
          null,
          1,
          1,
          1,
          1,
          null,
          null,
          null,
          1,
          1,
          1,
          1,
          null,
          null,
          null,
          1,
          1,
          1,
          1,
          null,
          null,
          1,
          1,
          1,
          1,
          1,
          null,
          null
        ]
      },
      "/Users/michaelkassim/Desktop/projects/bank_tech_test/lib/bank.rb": {
        "lines": [
          1,
          null,
          1,
          null,
          1,
          8,
          8,
          8,
          8,
          8,
          null,
          null,
          1,
          8,
          8,
          8,
          8,
          8,
          8,
          null,
          null,
          1,
          null,
          4,
          1,
          null,
          3,
          3,
          3,
          3,
          3,
          3,
          null,
          null,
          1,
          11,
          25,
          25,
          11,
          null,
          null,
          1,
          2,
          2,
          2,
          2,
          null,
          null
        ]
      }
    },
    "timestamp": 1643785937
  }
}
